<?xml version="1.0" encoding="UTF-8"?>
<!-- Generated by org.testng.reporters.JUnitReportReporter -->
<testsuite hostname="DESKTOP-F06Q66A" failures="0" tests="4" name="ekarDemoTest.EkarDemoTest" time="195.911" errors="0" timestamp="2023-08-22T22:23:58 CEST" skipped="0">
  <testcase classname="ekarDemoTest.EkarDemoTest" name="userUploadsPhotosAndSubmit" time="93.682"/>
  <testcase classname="ekarDemoTest.EkarDemoTest" name="userCannotProceedWithoutUploadingImages" time="43.577"/>
  <testcase classname="ekarDemoTest.EkarDemoTest" name="userVerifiesImageIcons" time="34.188"/>
  <testcase classname="ekarDemoTest.EkarDemoTest" name="verifyUserLocation" time="24.464"/>
</testsuite> <!-- ekarDemoTest.EkarDemoTest -->
